------
itemCosts     : [3, 5, 7, 4, 10]
itemWeights   : [1, 2, 3, 2, 5]
knapsackWeight: 9
---
this problem is solved
xCeiling: [1, 1, 1, 1, 0.2]
xFloor  : [1, 1, 1, 1, 0]
optimalSolutionCeiling: 21.0
optimalSolutionFloor  : 19
------
[[[1, 0]], [[1, 1]]]
subproblem: [[1, 1]]
------
itemCosts     : [5, 7, 4, 10]
itemWeights   : [2, 3, 2, 5]
knapsackWeight: 8
---
this problem is solved
xCeiling: [1, 1, 1, 0.2]
xFloor  : [1, 1, 1, 0]
optimalSolutionCeiling: 18.0
optimalSolutionFloor  : 16
------
subproblem: [[1, 0]]
------
itemCosts     : [5, 7, 4, 10]
itemWeights   : [2, 3, 2, 5]
knapsackWeight: 9
---
this problem is solved
xCeiling: [1, 1, 1, 0.4]
xFloor  : [1, 1, 1, 0]
optimalSolutionCeiling: 20.0
optimalSolutionFloor  : 16
------
subproblem: [[1, 0], [2, 1]]
------
itemCosts     : [5, 4, 10]
itemWeights   : [2, 2, 5]
knapsackWeight: 6
---
this problem is solved
xCeiling: [1, 1, 0.4]
xFloor  : [1, 1, 0]
optimalSolutionCeiling: 13.0
optimalSolutionFloor  : 9
------
subproblem: [[1, 0], [2, 0]]
------
itemCosts     : [5, 4, 10]
itemWeights   : [2, 2, 5]
knapsackWeight: 9
---
this problem is solved
xCeiling: [1, 1, 1]
xFloor  : [1, 1, 1]
optimalSolutionCeiling: 19
optimalSolutionFloor  : 19
------
------
itemCosts     : [3, 5, 7, 4, 10]
itemWeights   : [1, 2, 3, 2, 5]
knapsackWeight: 9
---
x: [1, 1, 1, 1, 0]
optimalSolution: 19
------
